2025-09-02 18:24:55,308 - INFO - === Kronos简化版自动更新开始 (2025-09-02 18:24:55) ===
2025-09-02 18:24:55,308 - INFO - 检查运行环境...
2025-09-02 18:24:55,309 - INFO - Python版本: 3.11.9
2025-09-02 18:24:55,309 - INFO - 工作目录: C:\Users\Zero\Kronos-demo-master
2025-09-02 18:24:55,309 - INFO - 找到预测脚本: update_predictions.py
2025-09-02 18:24:55,310 - INFO - 开始更新预测数据...
2025-09-02 18:25:35,724 - INFO - 预测数据更新成功 (耗时: 40.41秒)
2025-09-02 18:25:35,724 - INFO - 输出: Loading Kronos model...
Model loaded successfully.

============================================================
Starting update task at 2025-09-02 10:24:59.466455+00:00
============================================================

Processing 1h interval...
Fetching 384 bars of BTCUSDT 1h data from Binance...
Data fetched successfully.
Making main prediction (T=1.0)...
Main prediction completed in 12.42 seconds.
Upside Probability (24h): 50.00%, Volatility Amplification Probability: 10.00%
Generating comprehensive forecast chart for 1h...
Chart saved to: C:\Users\Zero\Kronos-demo-master\prediction_chart_1h.png

Processing 4h interval...
Fetching 384 bars of BTCUSDT 4h data from Binance...
Data fetched successfully.
Making main prediction (T=1.0)...
Main prediction completed in 9.89 seconds.
Upside Probability (24h): 50.00%, Volatility Amplification Probability: 23.33%
Generating comprehensive forecast chart for 4h...
Chart saved to: C:\Users\Zero\Kronos-demo-master\prediction_chart_4h.png

Processing 1d interval...
Fetching 384 bars of BTCUSDT 1d data from Binance...
Data fetched successfully.
Making main prediction (T=1.0)...
Main prediction completed in 9.64 seconds.
Upside Probability (24h): 3.33%, Volatility Amplification Probability: 100.00%
Generating comprehensive forecast chart for 1d...
Chart saved to: C:\Users\Zero\Kronos-demo-master\prediction_chart_1d.png
Updating index.html...
HTML file updated successfully.
------------------------------------------------------------
--- Task completed successfully ---
------------------------------------------------------------
2025-09-02 18:25:35,725 - INFO - 检查生成的文件...
2025-09-02 18:25:35,726 - INFO - ✅ prediction_chart_1h.png (修改时间: 2025-09-02 18:25:13)
2025-09-02 18:25:35,726 - INFO - ✅ prediction_chart_4h.png (修改时间: 2025-09-02 18:25:24)
2025-09-02 18:25:35,726 - INFO - ✅ prediction_chart_1d.png (修改时间: 2025-09-02 18:25:35)
2025-09-02 18:25:35,726 - INFO - 成功生成 3 个文件
2025-09-02 18:25:35,727 - INFO - 更新摘要已保存到: last_update_summary.txt
2025-09-02 18:25:35,727 - INFO - === 简化版自动更新结束 (2025-09-02 18:25:35) ===
2025-09-02 18:25:35,727 - INFO - 总耗时: 40.42秒
2025-09-02 18:25:35,727 - INFO - 状态: 成功
2025-09-03 11:40:49,669 - INFO - === Kronos简化版自动更新开始 (2025-09-03 11:40:49) ===
2025-09-03 11:40:49,670 - INFO - 检查运行环境...
2025-09-03 11:40:49,670 - INFO - Python版本: 3.11.9
2025-09-03 11:40:49,670 - INFO - 工作目录: C:\Users\Zero\Kronos-demo-master
2025-09-03 11:40:49,670 - INFO - 找到预测脚本: update_predictions.py
2025-09-03 11:40:49,671 - INFO - 开始更新预测数据...
2025-09-03 11:41:32,153 - INFO - 预测数据更新成功 (耗时: 42.48秒)
2025-09-03 11:41:32,153 - INFO - 输出: Loading Kronos model...
Model loaded successfully.

============================================================
Starting update task at 2025-09-03 03:40:56.336974+00:00
============================================================

Processing 1h interval...
Fetching 384 bars of BTCUSDT 1h data from Binance...
Data fetched successfully.
Making main prediction (T=1.0)...
Main prediction completed in 11.54 seconds.
Upside Probability (24h): 50.00%, Volatility Amplification Probability: 0.00%
Generating comprehensive forecast chart for 1h...
Chart saved to: C:\Users\Zero\Kronos-demo-master\prediction_chart_1h.png

Processing 4h interval...
Fetching 384 bars of BTCUSDT 4h data from Binance...
Data fetched successfully.
Making main prediction (T=1.0)...
Main prediction completed in 9.97 seconds.
Upside Probability (24h): 23.33%, Volatility Amplification Probability: 40.00%
Generating comprehensive forecast chart for 4h...
Chart saved to: C:\Users\Zero\Kronos-demo-master\prediction_chart_4h.png

Processing 1d interval...
Fetching 384 bars of BTCUSDT 1d data from Binance...
Data fetched successfully.
Making main prediction (T=1.0)...
Main prediction completed in 10.06 seconds.
Upside Probability (24h): 6.67%, Volatility Amplification Probability: 96.67%
Generating comprehensive forecast chart for 1d...
Chart saved to: C:\Users\Zero\Kronos-demo-master\prediction_chart_1d.png
Updating index.html...
HTML file updated successfully.
------------------------------------------------------------
--- Task completed successfully ---
------------------------------------------------------------
2025-09-03 11:41:32,154 - INFO - 检查生成的文件...
2025-09-03 11:41:32,154 - INFO - ✅ prediction_chart_1h.png (修改时间: 2025-09-03 11:41:09)
2025-09-03 11:41:32,155 - INFO - ✅ prediction_chart_4h.png (修改时间: 2025-09-03 11:41:20)
2025-09-03 11:41:32,155 - INFO - ✅ prediction_chart_1d.png (修改时间: 2025-09-03 11:41:31)
2025-09-03 11:41:32,155 - INFO - 成功生成 3 个文件
2025-09-03 11:41:32,156 - INFO - 更新摘要已保存到: last_update_summary.txt
2025-09-03 11:41:32,156 - INFO - === 简化版自动更新结束 (2025-09-03 11:41:32) ===
2025-09-03 11:41:32,156 - INFO - 总耗时: 42.49秒
2025-09-03 11:41:32,156 - INFO - 状态: 成功
